#
# A fatal error has been detected by the Java Runtime Environment:
#
#  EXCEPTION_ACCESS_VIOLATION (0xc0000005) at pc=0x00007ffb9baaa218, pid=9240, tid=22608
#
# JRE version: Java(TM) SE Runtime Environment (17.0.8+9) (build 17.0.8+9-LTS-211)
# Java VM: Java HotSpot(TM) 64-Bit Server VM (17.0.8+9-LTS-211, mixed mode, sharing, tiered, compressed oops, compressed class ptrs, g1 gc, windows-amd64)
# Problematic frame:
# V  [jvm.dll+0x30a218]
#
# No core dump will be written. Minidumps are not enabled by default on client versions of Windows
#
# If you would like to submit a bug report, please visit:
#   https://bugreport.java.com/bugreport/crash.jsp
#

---------------  S U M M A R Y ------------

Command Line: -javaagent:D:\IntelliJ IDEA Community Edition 2022.3.1\lib\idea_rt.jar=50680:D:\IntelliJ IDEA Community Edition 2022.3.1\bin -Dfile.encoding=UTF-8 com.project.complaintmechanism.ComplaintMechanismApplication

Host: 12th Gen Intel(R) Core(TM) i7-12700H, 20 cores, 15G,  Windows 11 , 64 bit Build 22621 (10.0.22621.2428)
Time: Fri Oct 20 15:20:19 2023 Myanmar Standard Time elapsed time: 6561.106369 seconds (0d 1h 49m 21s)

---------------  T H R E A D  ---------------

Current thread (0x00000205f6f75520):  GCTaskThread "GC Thread#11" [stack: 0x00000034e8c00000,0x00000034e8d00000] [id=22608]

Stack: [0x00000034e8c00000,0x00000034e8d00000],  sp=0x00000034e8cff840,  free space=1022k
Native frames: (J=compiled Java code, j=interpreted, Vv=VM code, C=native code)
V  [jvm.dll+0x30a218]
V  [jvm.dll+0x2f1069]
V  [jvm.dll+0x2f440e]
V  [jvm.dll+0x2f4ab4]
V  [jvm.dll+0x2f42c6]
V  [jvm.dll+0x8066ab]
V  [jvm.dll+0x8066f6]
V  [jvm.dll+0x788bba]
V  [jvm.dll+0x676b35]
C  [ucrtbase.dll+0x29363]
C  [KERNEL32.DLL+0x1257d]
C  [ntdll.dll+0x5aa78]


siginfo: EXCEPTION_ACCESS_VIOLATION (0xc0000005), reading address 0x00000205e570797c


Register to memory mapping:

RIP=0x00007ffb9baaa218 jvm.dll
RAX=0x0000000000000001 is an unknown value
RBX=0x00000205f65194f8 points into unknown readable memory: 0x00000205f55da010 | 10 a0 5d f5 05 02 00 00
RCX=0x0 is NULL
RDX=0x00000007054917a8 is pointing into object: [B 
{0x0000000705491788} - klass: {type array byte}
 - length: 47
RSP=0x00000034e8cff840 points into unknown readable memory: 0x0000000000000010 | 10 00 00 00 00 00 00 00
RBP=0x00000205f6519460 points into unknown readable memory: 0x00007ffb9c09b1b8 | b8 b1 09 9c fb 7f 00 00
RSI=0x00000205f6518eb0 points into unknown readable memory: 0x00000034e6cff200 | 00 f2 cf e6 34 00 00 00
RDI=0x0000000000000005 is an unknown value
R8 =0x00000205e5707974 is an unknown value
R9 =0x0000000000000022 is an unknown value
R10=0x0000000000000010 is an unknown value
R11=0x0000000000000001 is an unknown value
R12=0x00000034e6cfea90 points into unknown readable memory: 0x0000000000000004 | 04 00 00 00 00 00 00 00
R13=0x00000034e6cff430 points into unknown readable memory: 0x00007ffb9c09ae50 | 50 ae 09 9c fb 7f 00 00
R14=0x00000205f6518eb0 points into unknown readable memory: 0x00000034e6cff200 | 00 f2 cf e6 34 00 00 00
R15=0x000000000000000c is an unknown value


Registers:
RAX=0x0000000000000001, RBX=0x00000205f65194f8, RCX=0x0000000000000000, RDX=0x00000007054917a8
RSP=0x00000034e8cff840, RBP=0x00000205f6519460, RSI=0x00000205f6518eb0, RDI=0x0000000000000005
R8 =0x00000205e5707974, R9 =0x0000000000000022, R10=0x0000000000000010, R11=0x0000000000000001
R12=0x00000034e6cfea90, R13=0x00000034e6cff430, R14=0x00000205f6518eb0, R15=0x000000000000000c
RIP=0x00007ffb9baaa218, EFLAGS=0x0000000000010206

Top of Stack: (sp=0x00000034e8cff840)
0x00000034e8cff840:   0000000000000010 000000000000000c
0x00000034e8cff850:   0000000000000000 00007ffb9bde9943
0x00000034e8cff860:   00000007054917a8 00007ffb9ba91069
0x00000034e8cff870:   00000007054917b0 00000007050b5f58
0x00000034e8cff880:   00000034e6cfea90 00007ffb9befcd37
0x00000034e8cff890:   00000007054917a8 2e6574616d737361
0x00000034e8cff8a0:   000000070508ee6c 00007ffb9ba9440e
0x00000034e8cff8b0:   00000205f6518eb0 00000007054917a8
0x00000034e8cff8c0:   000000070508e4bc 00000205f535f758
0x00000034e8cff8d0:   00000205f535f758 0000000000000000
0x00000034e8cff8e0:   00000205f6518eb0 00007ffb9ba94ab4
0x00000034e8cff8f0:   000000000000039d 000000070508dfe8
0x00000034e8cff900:   00007ffb9b7a0000 00007ffb9b7a0000
0x00000034e8cff910:   000000070508dfe8 00007ffb00000000
0x00000034e8cff920:   00000205f535f758 00000205f535f380
0x00000034e8cff930:   00000000000003d8 0000000000000000 

Instructions: (pc=0x00007ffb9baaa218)
0x00007ffb9baaa118:   cc cc cc cc cc cc cc cc 48 89 5c 24 08 57 48 83
0x00007ffb9baaa128:   ec 30 33 c0 48 89 11 41 8d 50 ff 48 89 41 08 48
0x00007ffb9baaa138:   89 51 28 48 8b d9 44 89 41 10 41 8b f8 48 89 41
0x00007ffb9baaa148:   18 48 89 41 20 41 8b c8 e8 cb 08 d0 ff 84 c0 75
0x00007ffb9baaa158:   28 4c 8d 0d d0 47 5f 00 89 7c 24 20 4c 8d 05 fd
0x00007ffb9baaa168:   47 5f 00 ba 28 00 00 00 48 8d 0d 29 48 5f 00 e8
0x00007ffb9baaa178:   b4 b9 f3 ff e8 9f d6 36 00 8b 4b 10 45 33 c0 48
0x00007ffb9baaa188:   c1 e1 04 41 8d 50 05 e8 ac ae d9 ff 48 89 43 08
0x00007ffb9baaa198:   48 8b c3 48 8b 5c 24 40 48 83 c4 30 5f c3 cc cc
0x00007ffb9baaa1a8:   cc cc cc cc cc cc cc cc 48 8b 49 08 e9 07 ae d9
0x00007ffb9baaa1b8:   ff cc cc cc cc cc cc cc 48 89 5c 24 08 57 48 83
0x00007ffb9baaa1c8:   ec 20 48 8b 05 57 35 83 00 48 8b d9 48 8b fa 8b
0x00007ffb9baaa1d8:   88 c0 01 00 00 4c 8b 80 b8 01 00 00 0f b6 05 b9
0x00007ffb9baaa1e8:   cb 7f 00 49 d3 e0 8b 0d 7c d5 7f 00 49 2b f8 48
0x00007ffb9baaa1f8:   d3 ef 84 c0 74 16 44 8b 42 08 8b 0d c0 50 79 00
0x00007ffb9baaa208:   49 d3 e0 4c 03 05 ae 50 79 00 eb 04 4c 8b 42 08
0x00007ffb9baaa218:   45 8b 48 08 45 85 c9 7e 0c 41 f6 c1 01 75 55 41
0x00007ffb9baaa228:   c1 f9 03 eb 5e 79 4d 84 c0 41 b8 0c 00 00 00 8b
0x00007ffb9baaa238:   05 a7 5f 79 00 b9 10 00 00 00 41 0f 45 c8 ff c8
0x00007ffb9baaa248:   4c 63 c0 41 8b c1 48 c1 f8 10 48 63 14 11 41 8b
0x00007ffb9baaa258:   c9 83 e1 3f 48 d3 e2 0f b6 c8 49 8d 04 10 49 f7
0x00007ffb9baaa268:   d0 48 03 c8 4d 8b c8 49 c1 e9 03 48 c1 e9 03 44
0x00007ffb9baaa278:   23 c9 eb 0f 49 8b 00 49 8b c8 ff 90 00 01 00 00
0x00007ffb9baaa288:   44 8b c8 8b 53 28 8b c7 48 23 d0 48 c1 e2 04 48
0x00007ffb9baaa298:   03 53 08 8b 02 3b c7 74 34 4c 8b 42 08 4d 85 c0
0x00007ffb9baaa2a8:   74 0b 8b c8 48 8b 03 f0 4c 0f c1 04 c8 48 c7 42
0x00007ffb9baaa2b8:   08 00 00 00 00 89 3a 48 ff 43 20 49 63 c1 48 01
0x00007ffb9baaa2c8:   42 08 48 8b 5c 24 30 48 83 c4 20 5f c3 48 ff 43
0x00007ffb9baaa2d8:   18 48 8b 5c 24 30 49 63 c1 48 01 42 08 48 83 c4
0x00007ffb9baaa2e8:   20 5f c3 cc cc cc cc cc 48 89 5c 24 08 33 db 4c
0x00007ffb9baaa2f8:   8b da 4c 8b c9 44 8b c3 39 59 10 76 39 66 66 66
0x00007ffb9baaa308:   0f 1f 84 00 00 00 00 00 41 8b c0 48 c1 e0 04 49 


Stack slot to memory mapping:
stack at sp + 0 slots: 0x0000000000000010 is an unknown value
stack at sp + 1 slots: 0x000000000000000c is an unknown value
stack at sp + 2 slots: 0x0 is NULL
stack at sp + 3 slots: 0x00007ffb9bde9943 jvm.dll
stack at sp + 4 slots: 0x00000007054917a8 is pointing into object: [B 
{0x0000000705491788} - klass: {type array byte}
 - length: 47
stack at sp + 5 slots: 0x00007ffb9ba91069 jvm.dll
stack at sp + 6 slots: 0x00000007054917b0 is pointing into object: [B 
{0x0000000705491788} - klass: {type array byte}
 - length: 47
stack at sp + 7 slots: 0x00000007050b5f58 is an oop: java.lang.String 
{0x00000007050b5f58} - klass: 'java/lang/String'
 - string: "defaultHost"


---------------  P R O C E S S  ---------------

Threads class SMR info:
_java_thread_list=0x00000205f6ae1620, length=17, elements={
0x00000205f03de850, 0x00000205f03e4860, 0x00000205f03f67e0, 0x00000205f03f7390,
0x00000205f03fa360, 0x00000205f03fb320, 0x00000205f0409c20, 0x00000205f042b300,
0x00000205f04348d0, 0x00000205f0529820, 0x00000205f0529cf0, 0x00000205f052a1c0,
0x00000205f7fd1a80, 0x00000205f7fcc3e0, 0x00000205f7fd0270, 0x00000205f554e490,
0x00000205f7fcf400
}

Java Threads: ( => current thread )
  0x00000205f03de850 JavaThread "Reference Handler" daemon [_thread_blocked, id=20292, stack(0x00000034e6d00000,0x00000034e6e00000)]
  0x00000205f03e4860 JavaThread "Finalizer" daemon [_thread_blocked, id=3804, stack(0x00000034e6e00000,0x00000034e6f00000)]
  0x00000205f03f67e0 JavaThread "Signal Dispatcher" daemon [_thread_blocked, id=22828, stack(0x00000034e6f00000,0x00000034e7000000)]
  0x00000205f03f7390 JavaThread "Attach Listener" daemon [_thread_blocked, id=16620, stack(0x00000034e7000000,0x00000034e7100000)]
  0x00000205f03fa360 JavaThread "Service Thread" daemon [_thread_blocked, id=8228, stack(0x00000034e7100000,0x00000034e7200000)]
  0x00000205f03fb320 JavaThread "Monitor Deflation Thread" daemon [_thread_blocked, id=20232, stack(0x00000034e7200000,0x00000034e7300000)]
  0x00000205f0409c20 JavaThread "C2 CompilerThread0" daemon [_thread_blocked, id=10996, stack(0x00000034e7300000,0x00000034e7400000)]
  0x00000205f042b300 JavaThread "C1 CompilerThread0" daemon [_thread_blocked, id=17068, stack(0x00000034e7400000,0x00000034e7500000)]
  0x00000205f04348d0 JavaThread "Sweeper thread" daemon [_thread_blocked, id=12464, stack(0x00000034e7500000,0x00000034e7600000)]
  0x00000205f0529820 JavaThread "Common-Cleaner" daemon [_thread_blocked, id=19924, stack(0x00000034e7600000,0x00000034e7700000)]
  0x00000205f0529cf0 JavaThread "Monitor Ctrl-Break" daemon [_thread_in_native, id=19560, stack(0x00000034e7b00000,0x00000034e7c00000)]
  0x00000205f052a1c0 JavaThread "Notification Thread" daemon [_thread_blocked, id=9480, stack(0x00000034e7c00000,0x00000034e7d00000)]
  0x00000205f7fd1a80 JavaThread "mysql-cj-abandoned-connection-cleanup" daemon [_thread_blocked, id=12132, stack(0x00000034e9700000,0x00000034e9800000)]
  0x00000205f7fcc3e0 JavaThread "Live Reload Server" daemon [_thread_in_native, id=22532, stack(0x00000034e9f00000,0x00000034ea000000)]
  0x00000205f7fd0270 JavaThread "DestroyJavaVM" [_thread_blocked, id=16868, stack(0x00000034e6600000,0x00000034e6700000)]
  0x00000205f554e490 JavaThread "C1 CompilerThread1" daemon [_thread_blocked, id=1660, stack(0x00000034e6300000,0x00000034e6400000)]
  0x00000205f7fcf400 JavaThread "Thread-11" [_thread_blocked, id=13440, stack(0x00000034e6400000,0x00000034e6500000)]

Other Threads:
  0x00000205f03dcc70 VMThread "VM Thread" [stack: 0x00000034e6c00000,0x00000034e6d00000] [id=21996]
  0x00000205cc8d40f0 WatcherThread [stack: 0x00000034e7d00000,0x00000034e7e00000] [id=16736]
  0x00000205cc883f20 GCTaskThread "GC Thread#0" [stack: 0x00000034e6700000,0x00000034e6800000] [id=12904]
  0x00000205f58c3010 GCTaskThread "GC Thread#1" [stack: 0x00000034e8000000,0x00000034e8100000] [id=20772]
  0x00000205f58f3420 GCTaskThread "GC Thread#2" [stack: 0x00000034e8100000,0x00000034e8200000] [id=1720]
  0x00000205f58de860 GCTaskThread "GC Thread#3" [stack: 0x00000034e8200000,0x00000034e8300000] [id=11704]
  0x00000205f5a117d0 GCTaskThread "GC Thread#4" [stack: 0x00000034e8300000,0x00000034e8400000] [id=7696]
  0x00000205f5a11e90 GCTaskThread "GC Thread#5" [stack: 0x00000034e8400000,0x00000034e8500000] [id=9832]
  0x00000205f5bc8060 GCTaskThread "GC Thread#6" [stack: 0x00000034e8600000,0x00000034e8700000] [id=15416]
  0x00000205f5b57480 GCTaskThread "GC Thread#7" [stack: 0x00000034e8700000,0x00000034e8800000] [id=18192]
  0x00000205f72e4d10 GCTaskThread "GC Thread#8" [stack: 0x00000034e8500000,0x00000034e8600000] [id=7088]
  0x00000205f6a31fe0 GCTaskThread "GC Thread#9" [stack: 0x00000034e8a00000,0x00000034e8b00000] [id=10928]
  0x00000205f6f75270 GCTaskThread "GC Thread#10" [stack: 0x00000034e8b00000,0x00000034e8c00000] [id=8480]
=>0x00000205f6f75520 GCTaskThread "GC Thread#11" [stack: 0x00000034e8c00000,0x00000034e8d00000] [id=22608]
  0x00000205f5d32740 GCTaskThread "GC Thread#12" [stack: 0x00000034e8d00000,0x00000034e8e00000] [id=22688]
  0x00000205f5d329f0 GCTaskThread "GC Thread#13" [stack: 0x00000034e8e00000,0x00000034e8f00000] [id=13100]
  0x00000205f71e9030 GCTaskThread "GC Thread#14" [stack: 0x00000034e8f00000,0x00000034e9000000] [id=15496]
  0x00000205cc8959c0 ConcurrentGCThread "G1 Main Marker" [stack: 0x00000034e6800000,0x00000034e6900000] [id=15328]
  0x00000205cc8963d0 ConcurrentGCThread "G1 Conc#0" [stack: 0x00000034e6900000,0x00000034e6a00000] [id=17604]
  0x00000205f6a0fb20 ConcurrentGCThread "G1 Conc#1" [stack: 0x00000034e9000000,0x00000034e9100000] [id=11532]
  0x00000205f6a10330 ConcurrentGCThread "G1 Conc#2" [stack: 0x00000034e9100000,0x00000034e9200000] [id=11680]
  0x00000205f6a10890 ConcurrentGCThread "G1 Conc#3" [stack: 0x00000034e9200000,0x00000034e9300000] [id=20240]
  0x00000205f02905d0 ConcurrentGCThread "G1 Refine#0" [stack: 0x00000034e6a00000,0x00000034e6b00000] [id=12740]
  0x00000205f0290ff0 ConcurrentGCThread "G1 Service" [stack: 0x00000034e6b00000,0x00000034e6c00000] [id=13624]

Threads with active compile tasks:

VM state: at safepoint (normal execution)

VM Mutex/Monitor currently owned by a thread:  ([mutex/lock_event])
[0x00000205cc813320] Threads_lock - owner thread: 0x00000205f03dcc70
[0x00000205cc813a70] Heap_lock - owner thread: 0x00000205f7fcf400

Heap address: 0x0000000704a00000, size: 4022 MB, Compressed Oops mode: Zero based, Oop shift amount: 3

CDS archive(s) mapped at: [0x0000020580000000-0x0000020580bd0000-0x0000020580bd0000), size 12386304, SharedBaseAddress: 0x0000020580000000, ArchiveRelocationMode: 1.
Compressed class space mapped at: 0x0000020581000000-0x00000205c1000000, reserved size: 1073741824
Narrow klass base: 0x0000020580000000, Narrow klass shift: 0, Narrow klass range: 0x100000000

GC Precious Log:
 CPUs: 20 total, 20 available
 Memory: 16085M
 Large Page Support: Disabled
 NUMA Support: Disabled
 Compressed Oops: Enabled (Zero based)
 Heap Region Size: 2M
 Heap Min Capacity: 8M
 Heap Initial Capacity: 252M
 Heap Max Capacity: 4022M
 Pre-touch: Disabled
 Parallel Workers: 15
 Concurrent Workers: 4
 Concurrent Refinement Workers: 15
 Periodic GC: Disabled

Heap:
 garbage-first heap   total 96256K, used 67788K [0x0000000704a00000, 0x0000000800000000)
  region size 2048K, 15 young (30720K), 1 survivors (2048K)
 Metaspace       used 81617K, committed 82176K, reserved 1179648K
  class space    used 10436K, committed 10688K, reserved 1048576K

Heap Regions: E=young(eden), S=young(survivor), O=old, HS=humongous(starts), HC=humongous(continues), CS=collection set, F=free, OA=open archive, CA=closed archive, TAMS=top-at-mark-start (previous, next)
|   0|0x0000000704a00000, 0x0000000704c00000, 0x0000000704c00000|100%| O|  |TAMS 0x0000000704c00000, 0x0000000704a00000| Untracked 
|   1|0x0000000704c00000, 0x0000000704dfffc0, 0x0000000704e00000| 99%| O|  |TAMS 0x0000000704dfffc0, 0x0000000704c00000| Untracked 
|   2|0x0000000704e00000, 0x0000000705000000, 0x0000000705000000|100%| O|  |TAMS 0x0000000705000000, 0x0000000704e00000| Untracked 
|   3|0x0000000705000000, 0x0000000705200000, 0x0000000705200000|100%| O|  |TAMS 0x0000000705000000, 0x0000000705000000| Untracked 
|   4|0x0000000705200000, 0x00000007053fff60, 0x0000000705400000| 99%| O|  |TAMS 0x0000000705200000, 0x0000000705200000| Untracked 
|   5|0x0000000705400000, 0x0000000705600000, 0x0000000705600000|100%| O|  |TAMS 0x0000000705400000, 0x0000000705400000| Untracked 
|   6|0x0000000705600000, 0x0000000705800000, 0x0000000705800000|100%| O|  |TAMS 0x0000000705600000, 0x0000000705600000| Untracked 
|   7|0x0000000705800000, 0x00000007059ffff0, 0x0000000705a00000| 99%| O|  |TAMS 0x0000000705800000, 0x0000000705800000| Untracked 
|   8|0x0000000705a00000, 0x0000000705bf7960, 0x0000000705c00000| 98%| O|  |TAMS 0x0000000705a00000, 0x0000000705a00000| Untracked 
|   9|0x0000000705c00000, 0x0000000705dc2c30, 0x0000000705e00000| 88%| O|  |TAMS 0x0000000705c00000, 0x0000000705c00000| Untracked 
|  10|0x0000000705e00000, 0x0000000705fffff0, 0x0000000706000000| 99%| O|  |TAMS 0x0000000705e00000, 0x0000000705e00000| Untracked 
|  11|0x0000000706000000, 0x00000007061aaf90, 0x0000000706200000| 83%| O|  |TAMS 0x0000000706000000, 0x0000000706000000| Untracked 
|  12|0x0000000706200000, 0x00000007063bf578, 0x0000000706400000| 87%| O|  |TAMS 0x0000000706200000, 0x0000000706200000| Untracked 
|  13|0x0000000706400000, 0x0000000706600000, 0x0000000706600000|100%| O|  |TAMS 0x0000000706400000, 0x0000000706400000| Untracked 
|  14|0x0000000706600000, 0x0000000706800000, 0x0000000706800000|100%| O|  |TAMS 0x0000000706600000, 0x0000000706600000| Untracked 
|  15|0x0000000706800000, 0x0000000706804098, 0x0000000706a00000|  0%| O|  |TAMS 0x0000000706800000, 0x0000000706800000| Untracked 
|  16|0x0000000706a00000, 0x0000000706c00000, 0x0000000706c00000|100%| O|  |TAMS 0x0000000706a00000, 0x0000000706a00000| Untracked 
|  17|0x0000000706c00000, 0x0000000706e00000, 0x0000000706e00000|100%| O|  |TAMS 0x0000000706c00000, 0x0000000706c00000| Untracked 
|  18|0x0000000706e00000, 0x0000000707000000, 0x0000000707000000|100%| O|  |TAMS 0x0000000706e00000, 0x0000000706e00000| Untracked 
|  19|0x0000000707000000, 0x0000000707200000, 0x0000000707200000|100%| O|  |TAMS 0x0000000707000000, 0x0000000707000000| Untracked 
|  20|0x0000000707200000, 0x00000007072c9000, 0x0000000707400000| 39%| O|  |TAMS 0x0000000707200000, 0x0000000707200000| Untracked 
|  21|0x0000000707400000, 0x0000000707400000, 0x0000000707600000|  0%| F|  |TAMS 0x0000000707400000, 0x0000000707400000| Untracked 
|  22|0x0000000707600000, 0x0000000707600000, 0x0000000707800000|  0%| F|  |TAMS 0x0000000707600000, 0x0000000707600000| Untracked 
|  23|0x0000000707800000, 0x0000000707800000, 0x0000000707a00000|  0%| F|  |TAMS 0x0000000707800000, 0x0000000707800000| Untracked 
|  24|0x0000000707a00000, 0x0000000707a00000, 0x0000000707c00000|  0%| F|  |TAMS 0x0000000707a00000, 0x0000000707a00000| Untracked 
|  25|0x0000000707c00000, 0x0000000707c00000, 0x0000000707e00000|  0%| F|  |TAMS 0x0000000707c00000, 0x0000000707c00000| Untracked 
|  26|0x0000000707e00000, 0x0000000707e00000, 0x0000000708000000|  0%| F|  |TAMS 0x0000000707e00000, 0x0000000707e00000| Untracked 
|  27|0x0000000708000000, 0x0000000708000000, 0x0000000708200000|  0%| F|  |TAMS 0x0000000708000000, 0x0000000708000000| Untracked 
|  28|0x0000000708200000, 0x0000000708200000, 0x0000000708400000|  0%| F|  |TAMS 0x0000000708200000, 0x0000000708200000| Untracked 
|  29|0x0000000708400000, 0x000000070849a570, 0x0000000708600000| 30%| S|  |TAMS 0x0000000708400000, 0x0000000708400000| Complete 
|  30|0x0000000708600000, 0x0000000708600000, 0x0000000708800000|  0%| F|  |TAMS 0x0000000708600000, 0x0000000708600000| Untracked 
|  31|0x0000000708800000, 0x0000000708800000, 0x0000000708a00000|  0%| F|  |TAMS 0x0000000708800000, 0x0000000708800000| Untracked 
|  32|0x0000000708a00000, 0x0000000708a00000, 0x0000000708c00000|  0%| F|  |TAMS 0x0000000708a00000, 0x0000000708a00000| Untracked 
|  33|0x0000000708c00000, 0x0000000708da7260, 0x0000000708e00000| 82%| E|  |TAMS 0x0000000708c00000, 0x0000000708c00000| Complete 
|  34|0x0000000708e00000, 0x0000000709000000, 0x0000000709000000|100%| E|  |TAMS 0x0000000708e00000, 0x0000000708e00000| Complete 
|  35|0x0000000709000000, 0x0000000709200000, 0x0000000709200000|100%| E|  |TAMS 0x0000000709000000, 0x0000000709000000| Complete 
|  36|0x0000000709200000, 0x0000000709400000, 0x0000000709400000|100%| E|  |TAMS 0x0000000709200000, 0x0000000709200000| Complete 
|  37|0x0000000709400000, 0x0000000709600000, 0x0000000709600000|100%| E|  |TAMS 0x0000000709400000, 0x0000000709400000| Complete 
|  38|0x0000000709600000, 0x0000000709800000, 0x0000000709800000|100%| E|  |TAMS 0x0000000709600000, 0x0000000709600000| Complete 
|  39|0x0000000709800000, 0x0000000709a00000, 0x0000000709a00000|100%| E|  |TAMS 0x0000000709800000, 0x0000000709800000| Complete 
|  40|0x0000000709a00000, 0x0000000709c00000, 0x0000000709c00000|100%| E|  |TAMS 0x0000000709a00000, 0x0000000709a00000| Complete 
|  41|0x0000000709c00000, 0x0000000709e00000, 0x0000000709e00000|100%| E|  |TAMS 0x0000000709c00000, 0x0000000709c00000| Complete 
|  42|0x0000000709e00000, 0x000000070a000000, 0x000000070a000000|100%| E|  |TAMS 0x0000000709e00000, 0x0000000709e00000| Complete 
|  43|0x000000070a000000, 0x000000070a200000, 0x000000070a200000|100%| E|  |TAMS 0x000000070a000000, 0x000000070a000000| Complete 
|  44|0x000000070a200000, 0x000000070a400000, 0x000000070a400000|100%| E|  |TAMS 0x000000070a200000, 0x000000070a200000| Complete 
|  45|0x000000070a400000, 0x000000070a600000, 0x000000070a600000|100%| E|  |TAMS 0x000000070a400000, 0x000000070a400000| Complete 
|  46|0x000000070a600000, 0x000000070a800000, 0x000000070a800000|100%| E|  |TAMS 0x000000070a600000, 0x000000070a600000| Complete 

Card table byte_map: [0x00000205e4340000,0x00000205e4b20000] _byte_map_base: 0x00000205e0b1b000

Marking Bits (Prev, Next): (CMBitMap*) 0x00000205cc885580, (CMBitMap*) 0x00000205cc885540
 Prev Bits: [0x00000205e91e0000, 0x00000205ed0b8000)
 Next Bits: [0x00000205e5300000, 0x00000205e91d8000)

Polling page: 0x00000205ca770000

Metaspace:

Usage:
  Non-class:     69.51 MB used.
      Class:     10.19 MB used.
       Both:     79.70 MB used.

Virtual space:
  Non-class space:      128.00 MB reserved,      69.81 MB ( 55%) committed,  2 nodes.
      Class space:        1.00 GB reserved,      10.44 MB (  1%) committed,  1 nodes.
             Both:        1.12 GB reserved,      80.25 MB (  7%) committed. 

Chunk freelists:
   Non-Class:  9.39 MB
       Class:  5.38 MB
        Both:  14.76 MB

MaxMetaspaceSize: unlimited
CompressedClassSpaceSize: 1.00 GB
Initial GC threshold: 21.00 MB
Current GC threshold: 120.94 MB
CDS: on
MetaspaceReclaimPolicy: balanced
 - commit_granule_bytes: 65536.
 - commit_granule_words: 8192.
 - virtual_space_node_default_size: 8388608.
 - enlarge_chunks_in_place: 1.
 - new_chunks_are_fully_committed: 0.
 - uncommit_free_chunks: 1.
 - use_allocation_guard: 0.
 - handle_deallocations: 1.


Internal statistics:

num_allocs_failed_limit: 9.
num_arena_births: 962.
num_arena_deaths: 190.
num_vsnodes_births: 3.
num_vsnodes_deaths: 0.
num_space_committed: 1284.
num_space_uncommitted: 0.
num_chunks_returned_to_freelist: 227.
num_chunks_taken_from_freelist: 4079.
num_chunk_merges: 81.
num_chunk_splits: 2778.
num_chunks_enlarged: 2073.
num_purges: 4.
num_inconsistent_stats: 0.

CodeHeap 'non-profiled nmethods': size=119168Kb used=9965Kb max_used=9965Kb free=109202Kb
 bounds [0x00000205dbc50000, 0x00000205dc610000, 0x00000205e30b0000]
CodeHeap 'profiled nmethods': size=119104Kb used=25644Kb max_used=25644Kb free=93460Kb
 bounds [0x00000205d40b0000, 0x00000205d59c0000, 0x00000205db500000]
CodeHeap 'non-nmethods': size=7488Kb used=1947Kb max_used=3148Kb free=5540Kb
 bounds [0x00000205db500000, 0x00000205db820000, 0x00000205dbc50000]
 total_blobs=12911 nmethods=12191 adapters=630
 compilation: enabled
              stopped_count=0, restarted_count=0
 full_count=0

Compilation events (20 events):
Event: 6561.084 Thread 0x00000205f042b300 nmethod 14287 0x00000205d59b7e10 code [0x00000205d59b7fc0, 0x00000205d59b8188]
Event: 6561.085 Thread 0x00000205f554e490 14288       3       org.springframework.beans.factory.support.DefaultListableBeanFactory::clearByTypeCache (19 bytes)
Event: 6561.085 Thread 0x00000205f554e490 nmethod 14288 0x00000205d59b8290 code [0x00000205d59b8440, 0x00000205d59b86f8]
Event: 6561.085 Thread 0x00000205f554e490 14289       1       ch.qos.logback.classic.Level::toString (5 bytes)
Event: 6561.085 Thread 0x00000205f0409c20 nmethod 14284 0x00000205dc60b010 code [0x00000205dc60b180, 0x00000205dc60b3f8]
Event: 6561.085 Thread 0x00000205f554e490 nmethod 14289 0x00000205dc60b490 code [0x00000205dc60b620, 0x00000205dc60b6f8]
Event: 6561.085 Thread 0x00000205f554e490 14290   !   3       org.hibernate.internal.util.collections.BoundedConcurrentHashMap$Segment::clear (60 bytes)
Event: 6561.086 Thread 0x00000205f042b300 14291       3       java.util.concurrent.ConcurrentLinkedQueue$Node::casItem (10 bytes)
Event: 6561.086 Thread 0x00000205f554e490 nmethod 14290 0x00000205d59b8810 code [0x00000205d59b8a60, 0x00000205d59b94f8]
Event: 6561.086 Thread 0x00000205f042b300 nmethod 14291 0x00000205d59b9810 code [0x00000205d59b9aa0, 0x00000205d59ba718]
Event: 6561.086 Thread 0x00000205f554e490 14292       3       com.mysql.cj.protocol.a.NativeProtocol::getCommandBuilder (32 bytes)
Event: 6561.086 Thread 0x00000205f554e490 nmethod 14292 0x00000205d59bab90 code [0x00000205d59bad60, 0x00000205d59bb158]
Event: 6561.088 Thread 0x00000205f042b300 14293       3       java.lang.RuntimeException::<init> (6 bytes)
Event: 6561.088 Thread 0x00000205f042b300 nmethod 14293 0x00000205d59bb290 code [0x00000205d59bb440, 0x00000205d59bb5c8]
Event: 6561.089 Thread 0x00000205f042b300 14294       3       java.net.Socket$SocketInputStream::available (8 bytes)
Event: 6561.089 Thread 0x00000205f554e490 14295       3       sun.nio.ch.NioSocketImpl$1::available (8 bytes)
Event: 6561.089 Thread 0x00000205f042b300 nmethod 14294 0x00000205d59bb690 code [0x00000205d59bb840, 0x00000205d59bba28]
Event: 6561.089 Thread 0x00000205f554e490 nmethod 14295 0x00000205d59bbb10 code [0x00000205d59bbcc0, 0x00000205d59bbe08]
Event: 6561.089 Thread 0x00000205f042b300 14296   !   3       sun.nio.ch.NioSocketImpl::available (37 bytes)
Event: 6561.089 Thread 0x00000205f042b300 nmethod 14296 0x00000205d59bbf10 code [0x00000205d59bc0e0, 0x00000205d59bc3d8]

GC Heap History (20 events):
Event: 5439.273 GC heap after
{Heap after GC invocations=32 (full 1):
 garbage-first heap   total 102400K, used 36801K [0x0000000704a00000, 0x0000000800000000)
  region size 2048K, 2 young (4096K), 2 survivors (4096K)
 Metaspace       used 73631K, committed 74240K, reserved 1114112K
  class space    used 9741K, committed 10048K, reserved 1048576K
}
Event: 5750.402 GC heap before
{Heap before GC invocations=32 (full 1):
 garbage-first heap   total 102400K, used 77761K [0x0000000704a00000, 0x0000000800000000)
  region size 2048K, 23 young (47104K), 2 survivors (4096K)
 Metaspace       used 73737K, committed 74304K, reserved 1114112K
  class space    used 9744K, committed 10048K, reserved 1048576K
}
Event: 5750.440 GC heap after
{Heap after GC invocations=33 (full 2):
 garbage-first heap   total 96256K, used 25762K [0x0000000704a00000, 0x0000000800000000)
  region size 2048K, 0 young (0K), 0 survivors (0K)
 Metaspace       used 73524K, committed 74304K, reserved 1114112K
  class space    used 9696K, committed 10048K, reserved 1048576K
}
Event: 5750.963 GC heap before
{Heap before GC invocations=33 (full 2):
 garbage-first heap   total 96256K, used 76962K [0x0000000704a00000, 0x0000000800000000)
  region size 2048K, 25 young (51200K), 0 survivors (0K)
 Metaspace       used 74247K, committed 74816K, reserved 1114112K
  class space    used 9741K, committed 10048K, reserved 1048576K
}
Event: 5750.965 GC heap after
{Heap after GC invocations=34 (full 2):
 garbage-first heap   total 96256K, used 31042K [0x0000000704a00000, 0x0000000800000000)
  region size 2048K, 3 young (6144K), 3 survivors (6144K)
 Metaspace       used 74247K, committed 74816K, reserved 1114112K
  class space    used 9741K, committed 10048K, reserved 1048576K
}
Event: 5751.343 GC heap before
{Heap before GC invocations=34 (full 2):
 garbage-first heap   total 96256K, used 74050K [0x0000000704a00000, 0x0000000800000000)
  region size 2048K, 24 young (49152K), 3 survivors (6144K)
 Metaspace       used 74848K, committed 75392K, reserved 1114112K
  class space    used 9773K, committed 10048K, reserved 1048576K
}
Event: 5751.359 GC heap after
{Heap after GC invocations=35 (full 2):
 garbage-first heap   total 96256K, used 33430K [0x0000000704a00000, 0x0000000800000000)
  region size 2048K, 2 young (4096K), 2 survivors (4096K)
 Metaspace       used 74848K, committed 75392K, reserved 1114112K
  class space    used 9773K, committed 10048K, reserved 1048576K
}
Event: 5751.936 GC heap before
{Heap before GC invocations=35 (full 2):
 garbage-first heap   total 96256K, used 72342K [0x0000000704a00000, 0x0000000800000000)
  region size 2048K, 21 young (43008K), 2 survivors (4096K)
 Metaspace       used 75140K, committed 75712K, reserved 1179648K
  class space    used 9783K, committed 10048K, reserved 1048576K
}
Event: 5751.940 GC heap after
{Heap after GC invocations=36 (full 2):
 garbage-first heap   total 96256K, used 35280K [0x0000000704a00000, 0x0000000800000000)
  region size 2048K, 3 young (6144K), 3 survivors (6144K)
 Metaspace       used 75140K, committed 75712K, reserved 1179648K
  class space    used 9783K, committed 10048K, reserved 1048576K
}
Event: 5772.755 GC heap before
{Heap before GC invocations=36 (full 2):
 garbage-first heap   total 96256K, used 70096K [0x0000000704a00000, 0x0000000800000000)
  region size 2048K, 21 young (43008K), 3 survivors (6144K)
 Metaspace       used 79128K, committed 79680K, reserved 1179648K
  class space    used 10280K, committed 10560K, reserved 1048576K
}
Event: 5772.758 GC heap after
{Heap after GC invocations=37 (full 2):
 garbage-first heap   total 96256K, used 39043K [0x0000000704a00000, 0x0000000800000000)
  region size 2048K, 3 young (6144K), 3 survivors (6144K)
 Metaspace       used 79128K, committed 79680K, reserved 1179648K
  class space    used 10280K, committed 10560K, reserved 1048576K
}
Event: 5910.725 GC heap before
{Heap before GC invocations=37 (full 2):
 garbage-first heap   total 96256K, used 73859K [0x0000000704a00000, 0x0000000800000000)
  region size 2048K, 20 young (40960K), 3 survivors (6144K)
 Metaspace       used 80260K, committed 80832K, reserved 1179648K
  class space    used 10403K, committed 10688K, reserved 1048576K
}
Event: 5910.730 GC heap after
{Heap after GC invocations=38 (full 2):
 garbage-first heap   total 96256K, used 40038K [0x0000000704a00000, 0x0000000800000000)
  region size 2048K, 1 young (2048K), 1 survivors (2048K)
 Metaspace       used 80260K, committed 80832K, reserved 1179648K
  class space    used 10403K, committed 10688K, reserved 1048576K
}
Event: 6005.816 GC heap before
{Heap before GC invocations=38 (full 2):
 garbage-first heap   total 96256K, used 70758K [0x0000000704a00000, 0x0000000800000000)
  region size 2048K, 17 young (34816K), 1 survivors (2048K)
 Metaspace       used 80849K, committed 81408K, reserved 1179648K
  class space    used 10424K, committed 10688K, reserved 1048576K
}
Event: 6005.820 GC heap after
{Heap after GC invocations=39 (full 2):
 garbage-first heap   total 96256K, used 39491K [0x0000000704a00000, 0x0000000800000000)
  region size 2048K, 1 young (2048K), 1 survivors (2048K)
 Metaspace       used 80849K, committed 81408K, reserved 1179648K
  class space    used 10424K, committed 10688K, reserved 1048576K
}
Event: 6166.177 GC heap before
{Heap before GC invocations=39 (full 2):
 garbage-first heap   total 96256K, used 72259K [0x0000000704a00000, 0x0000000800000000)
  region size 2048K, 18 young (36864K), 1 survivors (2048K)
 Metaspace       used 81388K, committed 81984K, reserved 1179648K
  class space    used 10434K, committed 10688K, reserved 1048576K
}
Event: 6166.183 GC heap after
{Heap after GC invocations=40 (full 2):
 garbage-first heap   total 96256K, used 39510K [0x0000000704a00000, 0x0000000800000000)
  region size 2048K, 1 young (2048K), 1 survivors (2048K)
 Metaspace       used 81388K, committed 81984K, reserved 1179648K
  class space    used 10434K, committed 10688K, reserved 1048576K
}
Event: 6385.228 GC heap before
{Heap before GC invocations=40 (full 2):
 garbage-first heap   total 96256K, used 74326K [0x0000000704a00000, 0x0000000800000000)
  region size 2048K, 18 young (36864K), 1 survivors (2048K)
 Metaspace       used 81533K, committed 82112K, reserved 1179648K
  class space    used 10435K, committed 10688K, reserved 1048576K
}
Event: 6385.232 GC heap after
{Heap after GC invocations=41 (full 2):
 garbage-first heap   total 96256K, used 39471K [0x0000000704a00000, 0x0000000800000000)
  region size 2048K, 1 young (2048K), 1 survivors (2048K)
 Metaspace       used 81533K, committed 82112K, reserved 1179648K
  class space    used 10435K, committed 10688K, reserved 1048576K
}
Event: 6561.090 GC heap before
{Heap before GC invocations=41 (full 2):
 garbage-first heap   total 96256K, used 64047K [0x0000000704a00000, 0x0000000800000000)
  region size 2048K, 15 young (30720K), 1 survivors (2048K)
 Metaspace       used 81617K, committed 82176K, reserved 1179648K
  class space    used 10436K, committed 10688K, reserved 1048576K
}

Deoptimization events (20 events):
Event: 6160.835 Thread 0x00000205f5cd5710 DEOPT PACKING pc=0x00000205dbeb3198 sp=0x00000034ea4fb2c0
Event: 6160.835 Thread 0x00000205f5cd5710 DEOPT UNPACKING pc=0x00000205db5523a3 sp=0x00000034ea4fb2c8 mode 2
Event: 6161.827 Thread 0x00000205f5cce860 Uncommon trap: trap_request=0xffffffc6 fr.pc=0x00000205dc1d6950 relative=0x0000000000001030
Event: 6161.827 Thread 0x00000205f5cce860 Uncommon trap: reason=bimorphic_or_optimized_type_check action=maybe_recompile pc=0x00000205dc1d6950 method=java.util.HashMap.removeNode(ILjava/lang/Object;Ljava/lang/Object;ZZ)Ljava/util/HashMap$Node; @ 143 c2
Event: 6161.827 Thread 0x00000205f5cce860 DEOPT PACKING pc=0x00000205dc1d6950 sp=0x00000034ea6ff2a0
Event: 6161.827 Thread 0x00000205f5cce860 DEOPT UNPACKING pc=0x00000205db5523a3 sp=0x00000034ea6ff1d8 mode 2
Event: 6207.285 Thread 0x00000205f5cd3090 Uncommon trap: trap_request=0xfffffff4 fr.pc=0x00000205dc5d757c relative=0x000000000000533c
Event: 6207.285 Thread 0x00000205f5cd3090 Uncommon trap: reason=null_check action=make_not_entrant pc=0x00000205dc5d757c method=org.springframework.core.convert.TypeDescriptor.isMap()Z @ 6 c2
Event: 6207.285 Thread 0x00000205f5cd3090 DEOPT PACKING pc=0x00000205dc5d757c sp=0x00000034e9efae30
Event: 6207.285 Thread 0x00000205f5cd3090 DEOPT UNPACKING pc=0x00000205db5523a3 sp=0x00000034e9efadc0 mode 2
Event: 6212.019 Thread 0x00000205f5cd5710 DEOPT PACKING pc=0x00000205d438d9a8 sp=0x00000034ea4fa3f0
Event: 6212.019 Thread 0x00000205f5cd5710 DEOPT UNPACKING pc=0x00000205db552b43 sp=0x00000034ea4f98c8 mode 0
Event: 6230.845 Thread 0x00000205f5cd2220 DEOPT PACKING pc=0x00000205d5721144 sp=0x00000034e9bfaa60
Event: 6230.845 Thread 0x00000205f5cd2220 DEOPT UNPACKING pc=0x00000205db552b43 sp=0x00000034e9bf9f90 mode 0
Event: 6292.521 Thread 0x00000205f5cce860 Uncommon trap: trap_request=0xffffffc6 fr.pc=0x00000205dc1d6950 relative=0x0000000000001030
Event: 6292.521 Thread 0x00000205f5cce860 Uncommon trap: reason=bimorphic_or_optimized_type_check action=maybe_recompile pc=0x00000205dc1d6950 method=java.util.HashMap.removeNode(ILjava/lang/Object;Ljava/lang/Object;ZZ)Ljava/util/HashMap$Node; @ 143 c2
Event: 6292.521 Thread 0x00000205f5cce860 DEOPT PACKING pc=0x00000205dc1d6950 sp=0x00000034ea6ff2a0
Event: 6292.521 Thread 0x00000205f5cce860 DEOPT UNPACKING pc=0x00000205db5523a3 sp=0x00000034ea6ff1d8 mode 2
Event: 6561.024 Thread 0x00000205f5ccf6d0 DEOPT PACKING pc=0x00000205d55a9758 sp=0x00000034ea5fa9c0
Event: 6561.024 Thread 0x00000205f5ccf6d0 DEOPT UNPACKING pc=0x00000205db552b43 sp=0x00000034ea5f9e58 mode 0

Classes unloaded (20 events):
Event: 5750.410 Thread 0x00000205f03dcc70 Unloading class 0x0000020581324000 'java/lang/invoke/LambdaForm$DMH+0x0000020581324000'
Event: 5750.410 Thread 0x00000205f03dcc70 Unloading class 0x00000205812f9400 'java/lang/invoke/LambdaForm$MH+0x00000205812f9400'
Event: 5750.410 Thread 0x00000205f03dcc70 Unloading class 0x00000205812f9000 'java/lang/invoke/LambdaForm$MH+0x00000205812f9000'
Event: 5750.410 Thread 0x00000205f03dcc70 Unloading class 0x00000205812f8c00 'java/lang/invoke/LambdaForm$MH+0x00000205812f8c00'
Event: 5750.410 Thread 0x00000205f03dcc70 Unloading class 0x00000205812f8800 'java/lang/invoke/LambdaForm$MH+0x00000205812f8800'
Event: 5750.410 Thread 0x00000205f03dcc70 Unloading class 0x00000205812f8400 'java/lang/invoke/LambdaForm$MH+0x00000205812f8400'
Event: 5750.410 Thread 0x00000205f03dcc70 Unloading class 0x00000205812f8000 'java/lang/invoke/LambdaForm$MH+0x00000205812f8000'
Event: 5750.410 Thread 0x00000205f03dcc70 Unloading class 0x00000205812ac000 'jdk/internal/reflect/GeneratedConstructorAccessor10'
Event: 5750.410 Thread 0x00000205f03dcc70 Unloading class 0x00000205812a1c00 'jdk/internal/reflect/GeneratedConstructorAccessor9'
Event: 5750.410 Thread 0x00000205f03dcc70 Unloading class 0x00000205812a1800 'jdk/internal/reflect/GeneratedConstructorAccessor8'
Event: 5750.410 Thread 0x00000205f03dcc70 Unloading class 0x00000205812a1400 'jdk/internal/reflect/GeneratedConstructorAccessor7'
Event: 5750.410 Thread 0x00000205f03dcc70 Unloading class 0x00000205812a0800 'java/lang/invoke/LambdaForm$MH+0x00000205812a0800'
Event: 5750.410 Thread 0x00000205f03dcc70 Unloading class 0x00000205812a0400 'java/lang/invoke/LambdaForm$MH+0x00000205812a0400'
Event: 5750.410 Thread 0x00000205f03dcc70 Unloading class 0x00000205812a0000 'java/lang/invoke/LambdaForm$MH+0x00000205812a0000'
Event: 5750.410 Thread 0x00000205f03dcc70 Unloading class 0x0000020581298c00 'java/lang/invoke/LambdaForm$MH+0x0000020581298c00'
Event: 5750.410 Thread 0x00000205f03dcc70 Unloading class 0x0000020581298400 'java/lang/invoke/LambdaForm$MH+0x0000020581298400'
Event: 5750.410 Thread 0x00000205f03dcc70 Unloading class 0x0000020581298000 'jdk/internal/reflect/GeneratedConstructorAccessor6'
Event: 5750.410 Thread 0x00000205f03dcc70 Unloading class 0x0000020581280400 'java/lang/invoke/LambdaForm$DMH+0x0000020581280400'
Event: 5750.410 Thread 0x00000205f03dcc70 Unloading class 0x0000020581178000 'jdk/internal/reflect/GeneratedConstructorAccessor1'
Event: 5750.410 Thread 0x00000205f03dcc70 Unloading class 0x0000020581134c00 'java/lang/invoke/LambdaForm$DMH+0x0000020581134c00'

Classes redefined (0 events):
No events

Internal exceptions (20 events):
Event: 5751.214 Thread 0x00000205f5cd43d0 Exception <a 'java/lang/reflect/InvocationTargetException'{0x0000000708456e50}> (0x0000000708456e50) 
thrown [s\open\src\hotspot\share\runtime\reflection.cpp, line 1121]
Event: 5751.224 Thread 0x00000205f5cd43d0 Exception <a 'java/lang/reflect/InvocationTargetException'{0x00000007084630e0}> (0x00000007084630e0) 
thrown [s\open\src\hotspot\share\runtime\reflection.cpp, line 1121]
Event: 5751.244 Thread 0x00000205f5cd43d0 Exception <a 'java/lang/reflect/InvocationTargetException'{0x00000007084f0338}> (0x00000007084f0338) 
thrown [s\open\src\hotspot\share\runtime\reflection.cpp, line 1121]
Event: 5751.256 Thread 0x00000205f5cd43d0 Exception <a 'java/lang/reflect/InvocationTargetException'{0x00000007084fd2e0}> (0x00000007084fd2e0) 
thrown [s\open\src\hotspot\share\runtime\reflection.cpp, line 1121]
Event: 5751.375 Thread 0x00000205f5cd43d0 Exception <a 'java/lang/reflect/InvocationTargetException'{0x000000070a78cef0}> (0x000000070a78cef0) 
thrown [s\open\src\hotspot\share\runtime\reflection.cpp, line 1121]
Event: 5751.400 Thread 0x00000205f5cd43d0 Exception <a 'java/lang/reflect/InvocationTargetException'{0x000000070a42ee08}> (0x000000070a42ee08) 
thrown [s\open\src\hotspot\share\runtime\reflection.cpp, line 1121]
Event: 5752.182 Thread 0x00000205f5cd2220 Implicit null exception at 0x00000205dbf5e3d4 to 0x00000205dbf63fc0
Event: 5752.452 Thread 0x00000205f5cd2220 Exception <a 'java/lang/NoSuchMethodError'{0x0000000709940b08}: 'java.lang.Object java.lang.invoke.DirectMethodHandle$Holder.invokeInterface(java.lang.Object, java.lang.Object, int)'> (0x0000000709940b08) 
thrown [s\open\src\hotspot\share\interpreter\linkResolver.cpp, line 759]
Event: 5752.459 Thread 0x00000205f5cd2220 Exception <a 'java/lang/IncompatibleClassChangeError'{0x0000000709976840}: Found class java.lang.Object, but interface was expected> (0x0000000709976840) 
thrown [s\open\src\hotspot\share\interpreter\linkResolver.cpp, line 826]
Event: 5752.547 Thread 0x00000205f5cd2220 Exception <a 'java/lang/NoSuchMethodError'{0x00000007097648e8}: 'java.lang.Object java.lang.invoke.DirectMethodHandle$Holder.newInvokeSpecial(java.lang.Object, long)'> (0x00000007097648e8) 
thrown [s\open\src\hotspot\share\interpreter\linkResolver.cpp, line 759]
Event: 5757.724 Thread 0x00000205f5cce390 Exception <a 'java/lang/IncompatibleClassChangeError'{0x0000000708d478a8}: Found class java.lang.Object, but interface was expected> (0x0000000708d478a8) 
thrown [s\open\src\hotspot\share\interpreter\linkResolver.cpp, line 826]
Event: 5782.769 Thread 0x00000205f5cd0a10 Implicit null exception at 0x00000205dc34f4e0 to 0x00000205dc34fdb0
Event: 6160.828 Thread 0x00000205f5cd5710 Implicit null exception at 0x00000205dc5c8492 to 0x00000205dc5cd268
Event: 6207.285 Thread 0x00000205f5cd3090 Implicit null exception at 0x00000205dc5d32fa to 0x00000205dc5d7570
Event: 6561.084 Thread 0x00000205f5cd48a0 Exception <a 'java/lang/InterruptedException'{0x0000000708d31010}: sleep interrupted> (0x0000000708d31010) 
thrown [s\open\src\hotspot\share\prims\jvm.cpp, line 3070]
Event: 6561.087 Thread 0x00000205f7fcc8b0 Exception <a 'java/net/SocketException'{0x0000000708d7d2f8}: Connection reset by peer: shutdown> (0x0000000708d7d2f8) 
thrown [s\open\src\hotspot\share\prims\jni.cpp, line 535]
Event: 6561.087 Thread 0x00000205f7fcc8b0 Exception <a 'java/io/IOException'{0x0000000708d80cc0}> (0x0000000708d80cc0) 
thrown [s\open\src\hotspot\share\prims\jni.cpp, line 516]
Event: 6561.087 Thread 0x00000205f7fcc8b0 Exception <a 'java/io/IOException'{0x0000000708d81800}> (0x0000000708d81800) 
thrown [s\open\src\hotspot\share\prims\jni.cpp, line 516]
Event: 6561.088 Thread 0x00000205f7fcc8b0 Exception <a 'java/io/IOException'{0x0000000708d86540}> (0x0000000708d86540) 
thrown [s\open\src\hotspot\share\prims\jni.cpp, line 516]
Event: 6561.088 Thread 0x00000205f7fcc8b0 Exception <a 'java/io/IOException'{0x0000000708d87308}> (0x0000000708d87308) 
thrown [s\open\src\hotspot\share\prims\jni.cpp, line 516]

VM Operations (20 events):
Event: 6209.604 Executing VM operation: Cleanup done
Event: 6212.623 Executing VM operation: Cleanup
Event: 6212.623 Executing VM operation: Cleanup done
Event: 6213.625 Executing VM operation: Cleanup
Event: 6213.625 Executing VM operation: Cleanup done
Event: 6217.653 Executing VM operation: Cleanup
Event: 6217.653 Executing VM operation: Cleanup done
Event: 6231.739 Executing VM operation: Cleanup
Event: 6231.739 Executing VM operation: Cleanup done
Event: 6293.380 Executing VM operation: Cleanup
Event: 6293.381 Executing VM operation: Cleanup done
Event: 6385.227 Executing VM operation: G1CollectForAllocation
Event: 6385.232 Executing VM operation: G1CollectForAllocation done
Event: 6531.667 Executing VM operation: Cleanup
Event: 6531.668 Executing VM operation: Cleanup done
Event: 6559.944 Executing VM operation: Cleanup
Event: 6559.944 Executing VM operation: Cleanup done
Event: 6560.946 Executing VM operation: Cleanup
Event: 6560.946 Executing VM operation: Cleanup done
Event: 6561.090 Executing VM operation: G1CollectFull

Events (20 events):
Event: 6561.073 Thread 0x00000205f7fcf400 Thread added: 0x00000205f7fcf400
Event: 6561.073 Thread 0x00000205f5ccfba0 Thread exited: 0x00000205f5ccfba0
Event: 6561.082 Thread 0x00000205f5cd0540 Thread exited: 0x00000205f5cd0540
Event: 6561.084 Thread 0x00000205f5cce860 Thread exited: 0x00000205f5cce860
Event: 6561.084 Thread 0x00000205f5cd2bc0 Thread exited: 0x00000205f5cd2bc0
Event: 6561.084 Thread 0x00000205f5cd3090 Thread exited: 0x00000205f5cd3090
Event: 6561.084 Thread 0x00000205f5ccf6d0 Thread exited: 0x00000205f5ccf6d0
Event: 6561.084 Thread 0x00000205f5cd3560 Thread exited: 0x00000205f5cd3560
Event: 6561.084 Thread 0x00000205f5cd2220 Thread exited: 0x00000205f5cd2220
Event: 6561.084 Thread 0x00000205f5ccf200 Thread exited: 0x00000205f5ccf200
Event: 6561.084 Thread 0x00000205f5cd5240 Thread exited: 0x00000205f5cd5240
Event: 6561.084 Thread 0x00000205f5cce390 Thread exited: 0x00000205f5cce390
Event: 6561.084 Thread 0x00000205f5cd0a10 Thread exited: 0x00000205f5cd0a10
Event: 6561.084 Thread 0x00000205f5cd5710 Thread exited: 0x00000205f5cd5710
Event: 6561.084 Thread 0x00000205f5cd48a0 Thread exited: 0x00000205f5cd48a0
Event: 6561.084 Thread 0x00000205f5cd3f00 Thread exited: 0x00000205f5cd3f00
Event: 6561.085 Thread 0x00000205f5cd0070 Thread exited: 0x00000205f5cd0070
Event: 6561.086 Thread 0x00000205f7fcc8b0 Thread added: 0x00000205f7fcc8b0
Event: 6561.086 Thread 0x00000205f5cd1880 Thread exited: 0x00000205f5cd1880
Event: 6561.090 Thread 0x00000205f7fcc8b0 Thread exited: 0x00000205f7fcc8b0


Dynamic libraries:
0x00007ff6b7330000 - 0x00007ff6b7340000 	C:\Program Files\Java\jdk-17\bin\java.exe
0x00007ffc0cbf0000 - 0x00007ffc0ce07000 	C:\WINDOWS\SYSTEM32\ntdll.dll
0x00007ffc0c400000 - 0x00007ffc0c4c4000 	C:\WINDOWS\System32\KERNEL32.DLL
0x00007ffc09fe0000 - 0x00007ffc0a386000 	C:\WINDOWS\System32\KERNELBASE.dll
0x00007ffc0a800000 - 0x00007ffc0a911000 	C:\WINDOWS\System32\ucrtbase.dll
0x00007ffbfab40000 - 0x00007ffbfab59000 	C:\Program Files\Java\jdk-17\bin\jli.dll
0x00007ffbfab20000 - 0x00007ffbfab3b000 	C:\Program Files\Java\jdk-17\bin\VCRUNTIME140.dll
0x00007ffc0cad0000 - 0x00007ffc0cb80000 	C:\WINDOWS\System32\ADVAPI32.dll
0x00007ffc0b660000 - 0x00007ffc0b707000 	C:\WINDOWS\System32\msvcrt.dll
0x00007ffc0a920000 - 0x00007ffc0a9c6000 	C:\WINDOWS\System32\sechost.dll
0x00007ffc0b540000 - 0x00007ffc0b657000 	C:\WINDOWS\System32\RPCRT4.dll
0x00007ffc0c770000 - 0x00007ffc0c91d000 	C:\WINDOWS\System32\USER32.dll
0x00007ffc00990000 - 0x00007ffc00c23000 	C:\WINDOWS\WinSxS\amd64_microsoft.windows.common-controls_6595b64144ccf1df_6.0.22621.2361_none_2712ced57382f843\COMCTL32.dll
0x00007ffc0a660000 - 0x00007ffc0a686000 	C:\WINDOWS\System32\win32u.dll
0x00007ffc0a9f0000 - 0x00007ffc0aa19000 	C:\WINDOWS\System32\GDI32.dll
0x00007ffc0a540000 - 0x00007ffc0a658000 	C:\WINDOWS\System32\gdi32full.dll
0x00007ffc00fb0000 - 0x00007ffc00fba000 	C:\WINDOWS\SYSTEM32\VERSION.dll
0x00007ffc09f40000 - 0x00007ffc09fda000 	C:\WINDOWS\System32\msvcp_win.dll
0x00007ffc0c690000 - 0x00007ffc0c6c1000 	C:\WINDOWS\System32\IMM32.DLL
0x00007ffc05200000 - 0x00007ffc0520c000 	C:\Program Files\Java\jdk-17\bin\vcruntime140_1.dll
0x00007ffbc7480000 - 0x00007ffbc750e000 	C:\Program Files\Java\jdk-17\bin\msvcp140.dll
0x00007ffb9b7a0000 - 0x00007ffb9c37e000 	C:\Program Files\Java\jdk-17\bin\server\jvm.dll
0x00007ffc0bc00000 - 0x00007ffc0bc08000 	C:\WINDOWS\System32\PSAPI.DLL
0x00007ffbe6fe0000 - 0x00007ffbe6fe9000 	C:\WINDOWS\SYSTEM32\WSOCK32.dll
0x00007ffc00d70000 - 0x00007ffc00da4000 	C:\WINDOWS\SYSTEM32\WINMM.dll
0x00007ffc0b460000 - 0x00007ffc0b4d1000 	C:\WINDOWS\System32\WS2_32.dll
0x00007ffc09070000 - 0x00007ffc09088000 	C:\WINDOWS\SYSTEM32\kernel.appcore.dll
0x00007ffbf1b50000 - 0x00007ffbf1b5a000 	C:\Program Files\Java\jdk-17\bin\jimage.dll
0x00007ffc07830000 - 0x00007ffc07a5e000 	C:\WINDOWS\SYSTEM32\DBGHELP.DLL
0x00007ffc0b7c0000 - 0x00007ffc0bb4a000 	C:\WINDOWS\System32\combase.dll
0x00007ffc0b280000 - 0x00007ffc0b357000 	C:\WINDOWS\System32\OLEAUT32.dll
0x00007ffbfe950000 - 0x00007ffbfe982000 	C:\WINDOWS\SYSTEM32\dbgcore.DLL
0x00007ffc0a4c0000 - 0x00007ffc0a53a000 	C:\WINDOWS\System32\bcryptPrimitives.dll
0x00007ffbfb030000 - 0x00007ffbfb03e000 	C:\Program Files\Java\jdk-17\bin\instrument.dll
0x00007ffbfaaf0000 - 0x00007ffbfab15000 	C:\Program Files\Java\jdk-17\bin\java.dll
0x00007ffbc92e0000 - 0x00007ffbc93b7000 	C:\Program Files\Java\jdk-17\bin\jsvml.dll
0x00007ffc0aa20000 - 0x00007ffc0b278000 	C:\WINDOWS\System32\SHELL32.dll
0x00007ffc07e60000 - 0x00007ffc08752000 	C:\WINDOWS\SYSTEM32\windows.storage.dll
0x00007ffc07d20000 - 0x00007ffc07e5e000 	C:\WINDOWS\SYSTEM32\wintypes.dll
0x00007ffc0c300000 - 0x00007ffc0c3f3000 	C:\WINDOWS\System32\SHCORE.dll
0x00007ffc0bc10000 - 0x00007ffc0bc6e000 	C:\WINDOWS\System32\shlwapi.dll
0x00007ffc09e70000 - 0x00007ffc09e96000 	C:\WINDOWS\SYSTEM32\profapi.dll
0x00007ffbefea0000 - 0x00007ffbefeb8000 	C:\Program Files\Java\jdk-17\bin\zip.dll
0x00007ffbfaad0000 - 0x00007ffbfaae9000 	C:\Program Files\Java\jdk-17\bin\net.dll
0x00007ffc04c90000 - 0x00007ffc04dc7000 	C:\WINDOWS\SYSTEM32\WINHTTP.dll
0x00007ffc094f0000 - 0x00007ffc09559000 	C:\WINDOWS\system32\mswsock.dll
0x00007ffbf1b70000 - 0x00007ffbf1b86000 	C:\Program Files\Java\jdk-17\bin\nio.dll
0x00007ffbfb010000 - 0x00007ffbfb02a000 	D:\IntelliJ IDEA Community Edition 2022.3.1\bin\breakgen64.dll
0x00007ffc00910000 - 0x00007ffc0091a000 	C:\Program Files\Java\jdk-17\bin\management.dll
0x00007ffc00900000 - 0x00007ffc0090b000 	C:\Program Files\Java\jdk-17\bin\management_ext.dll
0x00007ffbf1b60000 - 0x00007ffbf1b70000 	C:\Program Files\Java\jdk-17\bin\verify.dll
0x00007ffc09750000 - 0x00007ffc0976b000 	C:\WINDOWS\SYSTEM32\CRYPTSP.dll
0x00007ffc08fd0000 - 0x00007ffc09005000 	C:\WINDOWS\system32\rsaenh.dll
0x00007ffc095e0000 - 0x00007ffc0960c000 	C:\WINDOWS\SYSTEM32\USERENV.dll
0x00007ffc098e0000 - 0x00007ffc09908000 	C:\WINDOWS\SYSTEM32\bcrypt.dll
0x00007ffc09740000 - 0x00007ffc0974c000 	C:\WINDOWS\SYSTEM32\CRYPTBASE.dll
0x00007ffc08a30000 - 0x00007ffc08a5d000 	C:\WINDOWS\SYSTEM32\IPHLPAPI.DLL
0x00007ffc0b7b0000 - 0x00007ffc0b7b9000 	C:\WINDOWS\System32\NSI.dll
0x00007ffc01250000 - 0x00007ffc01269000 	C:\WINDOWS\SYSTEM32\dhcpcsvc6.DLL
0x00007ffc010d0000 - 0x00007ffc010ef000 	C:\WINDOWS\SYSTEM32\dhcpcsvc.DLL
0x00007ffc08aa0000 - 0x00007ffc08b99000 	C:\WINDOWS\SYSTEM32\DNSAPI.dll
0x00007ffbfb040000 - 0x00007ffbfb04e000 	C:\Program Files\Java\jdk-17\bin\sunmscapi.dll
0x00007ffc0a690000 - 0x00007ffc0a7f6000 	C:\WINDOWS\System32\CRYPT32.dll
0x00007ffc098b0000 - 0x00007ffc098dd000 	C:\WINDOWS\SYSTEM32\ncrypt.dll
0x00007ffc09870000 - 0x00007ffc098a7000 	C:\WINDOWS\SYSTEM32\NTASN1.dll
0x00007ffc01240000 - 0x00007ffc0124a000 	C:\Windows\System32\rasadhlp.dll
0x00007ffc001c0000 - 0x00007ffc00244000 	C:\WINDOWS\System32\fwpuclnt.dll
0x00007ffbdbb20000 - 0x00007ffbdbb28000 	C:\WINDOWS\system32\wshunix.dll

dbghelp: loaded successfully - version: 4.0.5 - missing functions: none
symbol engine: initialized successfully - sym options: 0x614 - pdb path: .;C:\Program Files\Java\jdk-17\bin;C:\WINDOWS\SYSTEM32;C:\WINDOWS\WinSxS\amd64_microsoft.windows.common-controls_6595b64144ccf1df_6.0.22621.2361_none_2712ced57382f843;C:\Program Files\Java\jdk-17\bin\server;D:\IntelliJ IDEA Community Edition 2022.3.1\bin

VM Arguments:
jvm_args: -javaagent:D:\IntelliJ IDEA Community Edition 2022.3.1\lib\idea_rt.jar=50680:D:\IntelliJ IDEA Community Edition 2022.3.1\bin -Dfile.encoding=UTF-8 
java_command: com.project.complaintmechanism.ComplaintMechanismApplication
java_class_path (initial): D:\IntelliJ Workspace\Complaint-Mechanism\target\classes;C:\Users\Admin\.m2\repository\org\springframework\boot\spring-boot-starter-security\3.0.2\spring-boot-starter-security-3.0.2.jar;C:\Users\Admin\.m2\repository\org\springframework\boot\spring-boot-starter\3.0.2\spring-boot-starter-3.0.2.jar;C:\Users\Admin\.m2\repository\org\springframework\boot\spring-boot-starter-logging\3.0.2\spring-boot-starter-logging-3.0.2.jar;C:\Users\Admin\.m2\repository\ch\qos\logback\logback-classic\1.4.5\logback-classic-1.4.5.jar;C:\Users\Admin\.m2\repository\ch\qos\logback\logback-core\1.4.5\logback-core-1.4.5.jar;C:\Users\Admin\.m2\repository\org\apache\logging\log4j\log4j-to-slf4j\2.19.0\log4j-to-slf4j-2.19.0.jar;C:\Users\Admin\.m2\repository\org\apache\logging\log4j\log4j-api\2.19.0\log4j-api-2.19.0.jar;C:\Users\Admin\.m2\repository\org\slf4j\jul-to-slf4j\2.0.6\jul-to-slf4j-2.0.6.jar;C:\Users\Admin\.m2\repository\jakarta\annotation\jakarta.annotation-api\2.1.1\jakarta.annotation-api-2.1.1.jar;C:\Users\Admin\.m2\repository\org\yaml\snakeyaml\1.33\snakeyaml-1.33.jar;C:\Users\Admin\.m2\repository\org\springframework\spring-aop\6.0.4\spring-aop-6.0.4.jar;C:\Users\Admin\.m2\repository\org\springframework\spring-beans\6.0.4\spring-beans-6.0.4.jar;C:\Users\Admin\.m2\repository\org\springframework\security\spring-security-config\6.0.1\spring-security-config-6.0.1.jar;C:\Users\Admin\.m2\repository\org\springframework\spring-context\6.0.4\spring-context-6.0.4.jar;C:\Users\Admin\.m2\repository\org\springframework\security\spring-security-web\6.0.1\spring-security-web-6.0.1.jar;C:\Users\Admin\.m2\repository\org\springframework\spring-expression\6.0.4\spring-expression-6.0.4.jar;C:\Users\Admin\.m2\repository\org\springframework\security\spring-security-core\6.0.1\spring-security-core-6.0.1.jar;C:\Users\Admin\.m2\repository\org\springframework\security\spring-security-crypto\6.0.1\spring-security-crypto-6.0.1.jar;C:\Users\Admin\.m2\repository\io\micrometer\micromete
Launcher Type: SUN_STANDARD

[Global flags]
     intx CICompilerCount                          = 12                                        {product} {ergonomic}
     uint ConcGCThreads                            = 4                                         {product} {ergonomic}
     uint G1ConcRefinementThreads                  = 15                                        {product} {ergonomic}
   size_t G1HeapRegionSize                         = 2097152                                   {product} {ergonomic}
    uintx GCDrainStackTargetSize                   = 64                                        {product} {ergonomic}
   size_t InitialHeapSize                          = 264241152                                 {product} {ergonomic}
   size_t MarkStackSize                            = 4194304                                   {product} {ergonomic}
   size_t MaxHeapSize                              = 4217372672                                {product} {ergonomic}
   size_t MaxNewSize                               = 2529165312                                {product} {ergonomic}
   size_t MinHeapDeltaBytes                        = 2097152                                   {product} {ergonomic}
   size_t MinHeapSize                              = 8388608                                   {product} {ergonomic}
    uintx NonNMethodCodeHeapSize                   = 7602480                                {pd product} {ergonomic}
    uintx NonProfiledCodeHeapSize                  = 122027880                              {pd product} {ergonomic}
    uintx ProfiledCodeHeapSize                     = 122027880                              {pd product} {ergonomic}
    uintx ReservedCodeCacheSize                    = 251658240                              {pd product} {ergonomic}
     bool SegmentedCodeCache                       = true                                      {product} {ergonomic}
   size_t SoftMaxHeapSize                          = 4217372672                             {manageable} {ergonomic}
     bool UseCompressedClassPointers               = true                           {product lp64_product} {ergonomic}
     bool UseCompressedOops                        = true                           {product lp64_product} {ergonomic}
     bool UseG1GC                                  = true                                      {product} {ergonomic}
     bool UseLargePagesIndividualAllocation        = false                                  {pd product} {ergonomic}

Logging:
Log output configuration:
 #0: stdout all=warning uptime,level,tags
 #1: stderr all=off uptime,level,tags

Environment Variables:
JAVA_HOME=C:\Program Files\Java\jdk-18.0.2.1
CLASSPATH=C:\Program Files\Java\jdk-18.0.2.1\bin;C:\Program Files\Apache Software Foundation\Tomcat 9.0\lib\servlet-api.jar;
PATH=C:\Python311\Scripts\;C:\Python311\;C:\Program Files\Java\jdk-18.0.2.1\bin;C:\Program Files\Common Files\Oracle\Java\javapath;C:\Program Files (x86)\dotnet\;C:\Program Files\Git\cmd;C:\ProgramData\chocolatey\bin;C:\Windows\System32;C:\Program Files\nodejs\;C:\Program Files\NVIDIA Corporation\NVIDIA NvDLISR;C:\WINDOWS\system32;C:\WINDOWS;C:\WINDOWS\System32\Wbem;C:\WINDOWS\System32\WindowsPowerShell\v1.0\;C:\WINDOWS\System32\OpenSSH\;C:\Users\Admin\AppData\Local\Microsoft\WindowsApps;;C:\Users\Admin\AppData\Local\Programs\Microsoft VS Code\bin;C:\Users\Admin\.dotnet\tools;D:\IntelliJ IDEA 2022.1.2\bin;;D:\IntelliJ IDEA Community Edition 2022.3.1\bin;;C:\Users\Admin\AppData\Roaming\npm
USERNAME=Admin
OS=Windows_NT
PROCESSOR_IDENTIFIER=Intel64 Family 6 Model 154 Stepping 3, GenuineIntel



---------------  S Y S T E M  ---------------

OS:
 Windows 11 , 64 bit Build 22621 (10.0.22621.2428)
OS uptime: 7 days 20:07 hours
Hyper-V role detected

CPU: total 20 (initial active 20) (10 cores per cpu, 2 threads per core) family 6 model 154 stepping 3 microcode 0x416, cx8, cmov, fxsr, ht, mmx, 3dnowpref, sse, sse2, sse3, ssse3, sse4.1, sse4.2, popcnt, lzcnt, tsc, tscinvbit, avx, avx2, aes, erms, clmul, bmi1, bmi2, adx, sha, fma, vzeroupper, clflush, clflushopt, clwb, hv

Memory: 4k page, system-wide physical 16085M (6884M free)
TotalPageFile size 18517M (AvailPageFile size 5802M)
current process WorkingSet (physical memory assigned to process): 300M, peak: 396M
current process commit charge ("private bytes"): 375M, peak: 500M

vm_info: Java HotSpot(TM) 64-Bit Server VM (17.0.8+9-LTS-211) for windows-amd64 JRE (17.0.8+9-LTS-211), built on Jun 14 2023 10:34:31 by "mach5one" with MS VC++ 17.1 (VS2022)

END.
